INFO  [main] 2015-04-28 07:51:03,941 YamlConfigurationLoader.java:92 - Loading settings from file:/usr/local/etc/cassandra/cassandra.yaml
INFO  [main] 2015-04-28 07:51:04,021 YamlConfigurationLoader.java:135 - Node configuration:[authenticator=AllowAllAuthenticator; authorizer=AllowAllAuthorizer; auto_snapshot=true; batch_size_warn_threshold_in_kb=5; batchlog_replay_throttle_in_kb=1024; cas_contention_timeout_in_ms=1000; client_encryption_options=<REDACTED>; cluster_name=PG; column_index_size_in_kb=64; commit_failure_policy=stop; commitlog_directory=/usr/local/var/lib/cassandra/commitlog; commitlog_segment_size_in_mb=8; commitlog_sync=periodic; commitlog_sync_period_in_ms=10000; compaction_throughput_mb_per_sec=16; concurrent_counter_writes=16; concurrent_reads=16; concurrent_writes=2; counter_cache_save_period=7200; counter_cache_size_in_mb=0; counter_write_request_timeout_in_ms=5000; cross_node_timeout=false; data_file_directories=/usr/local/var/lib/cassandra/data; disk_failure_policy=stop; dynamic_snitch_badness_threshold=0.1; dynamic_snitch_reset_interval_in_ms=600000; dynamic_snitch_update_interval_in_ms=100; endpoint_snitch=SimpleSnitch; hinted_handoff_enabled=true; hinted_handoff_throttle_in_kb=1024; incremental_backups=true; index_summary_capacity_in_mb=null; index_summary_resize_interval_in_minutes=60; inter_dc_tcp_nodelay=false; internode_compression=all; key_cache_save_period=14400; key_cache_size_in_mb=0; listen_address=localhost; max_hint_window_in_ms=10800000; max_hints_delivery_threads=2; memtable_allocation_type=heap_buffers; native_transport_port=9042; num_tokens=256; partitioner=org.apache.cassandra.dht.Murmur3Partitioner; permissions_validity_in_ms=0; range_request_timeout_in_ms=10000; read_request_timeout_in_ms=5000; request_scheduler=org.apache.cassandra.scheduler.NoScheduler; request_timeout_in_ms=10000; row_cache_save_period=0; row_cache_size_in_mb=0; rpc_address=localhost; rpc_keepalive=true; rpc_port=9160; rpc_server_type=sync; saved_caches_directory=/usr/local/var/lib/cassandra/saved_caches; seed_provider=[{class_name=org.apache.cassandra.locator.SimpleSeedProvider, parameters=[{seeds=127.0.0.1,127.0.0.2,127.0.0.3}]}]; server_encryption_options=<REDACTED>; snapshot_before_compaction=false; ssl_storage_port=7001; sstable_preemptive_open_interval_in_mb=50; start_native_transport=true; start_rpc=true; storage_port=7000; thrift_framed_transport_size_in_mb=15; tombstone_failure_threshold=100000; tombstone_warn_threshold=1000; trickle_fsync=false; trickle_fsync_interval_in_kb=10240; truncate_request_timeout_in_ms=60000; write_request_timeout_in_ms=2000]
ERROR [main] 2015-04-28 07:51:04,058 DatabaseDescriptor.java:138 - Fatal configuration error
org.apache.cassandra.exceptions.ConfigurationException: Invalid yaml
	at org.apache.cassandra.config.YamlConfigurationLoader.loadConfig(YamlConfigurationLoader.java:120) ~[cassandra-all-2.1.4.jar:2.1.4]
	at org.apache.cassandra.config.YamlConfigurationLoader.loadConfig(YamlConfigurationLoader.java:84) ~[cassandra-all-2.1.4.jar:2.1.4]
	at org.apache.cassandra.config.DatabaseDescriptor.loadConfig(DatabaseDescriptor.java:158) ~[cassandra-all-2.1.4.jar:2.1.4]
	at org.apache.cassandra.config.DatabaseDescriptor.<clinit>(DatabaseDescriptor.java:133) ~[cassandra-all-2.1.4.jar:2.1.4]
	at org.apache.cassandra.io.sstable.AbstractSSTableSimpleWriter.<init>(AbstractSSTableSimpleWriter.java:53) [cassandra-all-2.1.4.jar:2.1.4]
	at org.apache.cassandra.io.sstable.SSTableSimpleUnsortedWriter.<init>(SSTableSimpleUnsortedWriter.java:99) [cassandra-all-2.1.4.jar:2.1.4]
	at org.apache.cassandra.io.sstable.SSTableSimpleUnsortedWriter.<init>(SSTableSimpleUnsortedWriter.java:83) [cassandra-all-2.1.4.jar:2.1.4]
	at org.apache.cassandra.io.sstable.SSTableSimpleUnsortedWriter.<init>(SSTableSimpleUnsortedWriter.java:94) [cassandra-all-2.1.4.jar:2.1.4]
	at sstable.sstableImport.main(sstableImport.java:50) [classes/:na]
Caused by: org.yaml.snakeyaml.constructor.ConstructorException: null; Can't construct a java object for tag:yaml.org,2002:org.apache.cassandra.config.Config; exception=Cannot create property=data_file_directories for JavaBean=org.apache.cassandra.config.Config@58d75e99; No single argument constructor found for class [Ljava.lang.String;;  in 'reader', line 10, column 1:
    cluster_name: 'PG'
    ^
	at org.yaml.snakeyaml.constructor.Constructor$ConstructYamlObject.construct(Constructor.java:333) ~[snakeyaml-1.11.jar:na]
	at org.yaml.snakeyaml.constructor.BaseConstructor.constructObject(BaseConstructor.java:182) ~[snakeyaml-1.11.jar:na]
	at org.yaml.snakeyaml.constructor.BaseConstructor.constructDocument(BaseConstructor.java:141) ~[snakeyaml-1.11.jar:na]
	at org.yaml.snakeyaml.constructor.BaseConstructor.getSingleData(BaseConstructor.java:127) ~[snakeyaml-1.11.jar:na]
	at org.yaml.snakeyaml.Yaml.loadFromReader(Yaml.java:481) ~[snakeyaml-1.11.jar:na]
	at org.yaml.snakeyaml.Yaml.loadAs(Yaml.java:475) ~[snakeyaml-1.11.jar:na]
	at org.apache.cassandra.config.YamlConfigurationLoader.loadConfig(YamlConfigurationLoader.java:113) ~[cassandra-all-2.1.4.jar:2.1.4]
	... 8 common frames omitted
Caused by: org.yaml.snakeyaml.error.YAMLException: Cannot create property=data_file_directories for JavaBean=org.apache.cassandra.config.Config@58d75e99; No single argument constructor found for class [Ljava.lang.String;
	at org.yaml.snakeyaml.constructor.Constructor$ConstructMapping.constructJavaBean2ndStep(Constructor.java:299) ~[snakeyaml-1.11.jar:na]
	at org.yaml.snakeyaml.constructor.Constructor$ConstructMapping.construct(Constructor.java:189) ~[snakeyaml-1.11.jar:na]
	at org.yaml.snakeyaml.constructor.Constructor$ConstructYamlObject.construct(Constructor.java:331) ~[snakeyaml-1.11.jar:na]
	... 14 common frames omitted
Caused by: org.yaml.snakeyaml.error.YAMLException: No single argument constructor found for class [Ljava.lang.String;
	at org.yaml.snakeyaml.constructor.Constructor$ConstructScalar.construct(Constructor.java:379) ~[snakeyaml-1.11.jar:na]
	at org.yaml.snakeyaml.constructor.BaseConstructor.constructObject(BaseConstructor.java:182) ~[snakeyaml-1.11.jar:na]
	at org.yaml.snakeyaml.constructor.Constructor$ConstructMapping.constructJavaBean2ndStep(Constructor.java:296) ~[snakeyaml-1.11.jar:na]
	... 16 common frames omitted
